<?xml version="1.0" encoding="UTF-8"?>
<!-- Generated by org.testng.reporters.JUnitReportReporter -->
<testsuite hostname="ANUP" failures="0" tests="1" name="testng_testcases.Testcase_2" time="14.805" errors="0" timestamp="2025-04-09T11:57:25 IST" skipped="0">
  <testcase classname="testng_testcases.Testcase_2" name="seraching_on_amazon" time="14.805"/>
</testsuite> <!-- testng_testcases.Testcase_2 -->
