<?xml version="1.0" encoding="UTF-8"?>
<!-- Generated by org.testng.reporters.JUnitReportReporter -->
<testsuite hostname="ANUP" failures="0" tests="4" name="TestNG_Practice.basic" time="0.014" errors="0" timestamp="2025-09-04T12:01:43 IST" skipped="0">
  <testcase classname="TestNG_Practice.basic" name="openbrowser" time="0.007"/>
  <testcase classname="TestNG_Practice.basic" name="hiturl" time="0.001"/>
  <testcase classname="TestNG_Practice.basic" name="login" time="0.004"/>
  <testcase classname="TestNG_Practice.basic" name="homepage" time="0.002"/>
</testsuite> <!-- TestNG_Practice.basic -->
